<?xml version="1.0" encoding="UTF-8"?>
<!-- Generated by org.testng.reporters.JUnitReportReporter -->
<testsuite hostname="DESKTOP-IGH64A7" name="com.crm.qa.testcases.LoginPageTest" tests="3" failures="0" timestamp="14 Mar 2018 05:10:04 GMT" time="106.405" errors="0">
  <testcase name="crmLogoImageTest" time="44.378" classname="com.crm.qa.testcases.LoginPageTest"/>
  <testcase name="loginTest" time="31.037" classname="com.crm.qa.testcases.LoginPageTest"/>
  <testcase name="loginPageTitleTest" time="30.990" classname="com.crm.qa.testcases.LoginPageTest"/>
</testsuite> <!-- com.crm.qa.testcases.LoginPageTest -->
