<?xml version="1.0" encoding="UTF-8"?>
<!-- Generated by org.testng.reporters.JUnitReportReporter -->
<testsuite hostname="DESKTOP-IGH64A7" name="com.crm.qa.testcases.HomePageTest" tests="3" failures="0" timestamp="22 Mar 2018 12:58:01 GMT" time="92.275" errors="0">
  <testcase name="verifyContactsLinkTest" time="32.305" classname="com.crm.qa.testcases.HomePageTest"/>
  <testcase name="verifyHomePageTileTest" time="31.928" classname="com.crm.qa.testcases.HomePageTest"/>
  <testcase name="verifyUserNameTest" time="28.042" classname="com.crm.qa.testcases.HomePageTest"/>
</testsuite> <!-- com.crm.qa.testcases.HomePageTest -->
