<?xml version="1.0" encoding="UTF-8"?>
<!-- Generated by org.testng.reporters.JUnitReportReporter -->
<testsuite hostname="DESKTOP-IGH64A7" name="com.crm.qa.testcases.LoginPageTest" tests="3" failures="0" timestamp="22 Mar 2018 12:58:01 GMT" time="80.908" errors="0">
  <testcase name="loginTest" time="42.460" classname="com.crm.qa.testcases.LoginPageTest"/>
  <testcase name="crmLogoImageTest" time="21.545" classname="com.crm.qa.testcases.LoginPageTest"/>
  <testcase name="loginPageTitleTest" time="16.903" classname="com.crm.qa.testcases.LoginPageTest"/>
</testsuite> <!-- com.crm.qa.testcases.LoginPageTest -->
