<?xml version="1.0" encoding="UTF-8"?>
<!-- Generated by org.testng.reporters.JUnitReportReporter -->
<testsuite skipped="0" hostname="DESKTOP-IGH64A7" name="com.crm.qa.testcases.LoginPageTest" tests="3" failures="0" timestamp="26 Mar 2018 06:55:57 GMT" time="132.686" errors="0">
  <testcase name="loginPageTitleTest" time="18.418" classname="com.crm.qa.testcases.LoginPageTest"/>
  <testcase name="crmLogoImageTest" time="89.589" classname="com.crm.qa.testcases.LoginPageTest"/>
  <testcase name="loginTest" time="24.679" classname="com.crm.qa.testcases.LoginPageTest"/>
</testsuite> <!-- com.crm.qa.testcases.LoginPageTest -->
